<?xml version="1.0" encoding="UTF-8"?>
<testsuite xmlns:xsi="http://www.w3.org/2001/XMLSchema-instance" xsi:noNamespaceSchemaLocation="https://maven.apache.org/surefire/maven-surefire-plugin/xsd/surefire-test-report.xsd" name="com.nasarover.service.RoverImageServiceTest" time="1.002" tests="2" errors="0" skipped="0" failures="0">
  <properties>
[...]
</properties>
  <testcase name="testDownloadRoverImagesWithPhotos" classname="com.nasarover.service.RoverImageServiceTest" time="0.86"/>
  <testcase name="testDownloadRoverImagesNoPhotos" classname="com.nasarover.service.RoverImageServiceTest" time="0.006"/>
</testsuite>